2020-08-26 20:16:57,597 0      [er-12: Building] WARN  nternal.embedder.EclipseLogger  - Using platform encoding (UTF-8 actually) to copy filtered resources, i.e. build is platform dependent!
2020-08-26 20:16:57,727 130    [er-12: Building] WARN  nternal.embedder.EclipseLogger  - Using platform encoding (UTF-8 actually) to copy filtered resources, i.e. build is platform dependent!
2020-08-26 20:17:00,243 2646   [er-15: Building] WARN  nternal.embedder.EclipseLogger  - Using platform encoding (UTF-8 actually) to copy filtered resources, i.e. build is platform dependent!
2020-08-26 20:17:00,256 2659   [er-15: Building] WARN  nternal.embedder.EclipseLogger  - Using platform encoding (UTF-8 actually) to copy filtered resources, i.e. build is platform dependent!
2020-08-26 20:17:05,072 7475   [ker-1: Building] WARN  nternal.embedder.EclipseLogger  - Using platform encoding (UTF-8 actually) to copy filtered resources, i.e. build is platform dependent!
2020-08-26 20:17:05,075 7478   [ker-1: Building] WARN  nternal.embedder.EclipseLogger  - Using platform encoding (UTF-8 actually) to copy filtered resources, i.e. build is platform dependent!
2020-08-26 20:17:08,127 10530  [er-19: Building] WARN  nternal.embedder.EclipseLogger  - Using platform encoding (UTF-8 actually) to copy filtered resources, i.e. build is platform dependent!
2020-08-26 20:17:08,149 10552  [er-19: Building] WARN  nternal.embedder.EclipseLogger  - Using platform encoding (UTF-8 actually) to copy filtered resources, i.e. build is platform dependent!
2020-08-26 20:17:08,355 10758  [er-19: Building] WARN  nternal.embedder.EclipseLogger  - Using platform encoding (UTF-8 actually) to copy filtered resources, i.e. build is platform dependent!
2020-08-26 20:17:08,374 10777  [er-19: Building] WARN  nternal.embedder.EclipseLogger  - Using platform encoding (UTF-8 actually) to copy filtered resources, i.e. build is platform dependent!
2020-08-26 20:17:08,442 10845  [er-19: Building] WARN  nternal.embedder.EclipseLogger  - Using platform encoding (UTF-8 actually) to copy filtered resources, i.e. build is platform dependent!
2020-08-26 20:17:08,444 10847  [er-19: Building] WARN  nternal.embedder.EclipseLogger  - Using platform encoding (UTF-8 actually) to copy filtered resources, i.e. build is platform dependent!
2020-08-26 21:55:17,355 2156   [ker-3: Building] WARN  nternal.embedder.EclipseLogger  - Using platform encoding (UTF-8 actually) to copy filtered resources, i.e. build is platform dependent!
2020-08-26 21:55:17,430 2231   [ker-3: Building] WARN  nternal.embedder.EclipseLogger  - Using platform encoding (UTF-8 actually) to copy filtered resources, i.e. build is platform dependent!
2020-08-26 21:57:42,311 147112 [er-11: Building] WARN  nternal.embedder.EclipseLogger  - Using platform encoding (UTF-8 actually) to copy filtered resources, i.e. build is platform dependent!
2020-08-26 21:57:42,356 147157 [er-11: Building] WARN  nternal.embedder.EclipseLogger  - Using platform encoding (UTF-8 actually) to copy filtered resources, i.e. build is platform dependent!
2020-08-26 22:02:10,587 415388 [er-16: Building] WARN  nternal.embedder.EclipseLogger  - Using platform encoding (UTF-8 actually) to copy filtered resources, i.e. build is platform dependent!
2020-08-26 22:02:10,611 415412 [er-16: Building] WARN  nternal.embedder.EclipseLogger  - Using platform encoding (UTF-8 actually) to copy filtered resources, i.e. build is platform dependent!
2020-08-26 22:06:29,003 673804 [er-16: Building] WARN  nternal.embedder.EclipseLogger  - Using platform encoding (UTF-8 actually) to copy filtered resources, i.e. build is platform dependent!
2020-08-26 22:06:29,005 673806 [er-16: Building] WARN  nternal.embedder.EclipseLogger  - Using platform encoding (UTF-8 actually) to copy filtered resources, i.e. build is platform dependent!
2020-08-26 22:11:10,437 955238 [er-24: Building] WARN  nternal.embedder.EclipseLogger  - Using platform encoding (UTF-8 actually) to copy filtered resources, i.e. build is platform dependent!
2020-08-26 22:11:10,450 955251 [er-24: Building] WARN  nternal.embedder.EclipseLogger  - Using platform encoding (UTF-8 actually) to copy filtered resources, i.e. build is platform dependent!
2020-08-26 22:14:20,283 1145084 [er-21: Building] WARN  nternal.embedder.EclipseLogger  - Using platform encoding (UTF-8 actually) to copy filtered resources, i.e. build is platform dependent!
2020-08-26 22:14:20,288 1145089 [er-21: Building] WARN  nternal.embedder.EclipseLogger  - Using platform encoding (UTF-8 actually) to copy filtered resources, i.e. build is platform dependent!
2020-08-26 22:14:21,596 1146397 [er-20: Building] WARN  nternal.embedder.EclipseLogger  - Using platform encoding (UTF-8 actually) to copy filtered resources, i.e. build is platform dependent!
2020-08-26 22:14:21,599 1146400 [er-20: Building] WARN  nternal.embedder.EclipseLogger  - Using platform encoding (UTF-8 actually) to copy filtered resources, i.e. build is platform dependent!
2020-08-26 22:16:59,694 1304495 [er-21: Building] WARN  nternal.embedder.EclipseLogger  - Using platform encoding (UTF-8 actually) to copy filtered resources, i.e. build is platform dependent!
2020-08-26 22:16:59,713 1304514 [er-21: Building] WARN  nternal.embedder.EclipseLogger  - Using platform encoding (UTF-8 actually) to copy filtered resources, i.e. build is platform dependent!
2020-08-26 22:18:13,495 1378296 [er-22: Building] WARN  nternal.embedder.EclipseLogger  - Using platform encoding (UTF-8 actually) to copy filtered resources, i.e. build is platform dependent!
2020-08-26 22:18:13,503 1378304 [er-22: Building] WARN  nternal.embedder.EclipseLogger  - Using platform encoding (UTF-8 actually) to copy filtered resources, i.e. build is platform dependent!
2020-08-26 22:18:45,688 1410489 [er-23: Building] WARN  nternal.embedder.EclipseLogger  - Using platform encoding (UTF-8 actually) to copy filtered resources, i.e. build is platform dependent!
2020-08-26 22:18:45,706 1410507 [er-23: Building] WARN  nternal.embedder.EclipseLogger  - Using platform encoding (UTF-8 actually) to copy filtered resources, i.e. build is platform dependent!
2020-08-26 22:19:57,145 1481946 [ker-9: Building] WARN  nternal.embedder.EclipseLogger  - Using platform encoding (UTF-8 actually) to copy filtered resources, i.e. build is platform dependent!
2020-08-26 22:19:57,151 1481952 [ker-9: Building] WARN  nternal.embedder.EclipseLogger  - Using platform encoding (UTF-8 actually) to copy filtered resources, i.e. build is platform dependent!
2020-08-26 22:19:58,329 1483130 [er-25: Building] WARN  nternal.embedder.EclipseLogger  - Using platform encoding (UTF-8 actually) to copy filtered resources, i.e. build is platform dependent!
2020-08-26 22:19:58,344 1483145 [er-25: Building] WARN  nternal.embedder.EclipseLogger  - Using platform encoding (UTF-8 actually) to copy filtered resources, i.e. build is platform dependent!
2020-08-26 22:20:11,136 1495937 [er-20: Building] WARN  nternal.embedder.EclipseLogger  - Using platform encoding (UTF-8 actually) to copy filtered resources, i.e. build is platform dependent!
2020-08-26 22:20:11,139 1495940 [er-20: Building] WARN  nternal.embedder.EclipseLogger  - Using platform encoding (UTF-8 actually) to copy filtered resources, i.e. build is platform dependent!
2020-08-26 22:20:37,752 1522553 [er-22: Building] WARN  nternal.embedder.EclipseLogger  - Using platform encoding (UTF-8 actually) to copy filtered resources, i.e. build is platform dependent!
2020-08-26 22:20:37,754 1522555 [er-22: Building] WARN  nternal.embedder.EclipseLogger  - Using platform encoding (UTF-8 actually) to copy filtered resources, i.e. build is platform dependent!
2020-08-26 22:20:38,909 1523710 [er-23: Building] WARN  nternal.embedder.EclipseLogger  - Using platform encoding (UTF-8 actually) to copy filtered resources, i.e. build is platform dependent!
2020-08-26 22:20:38,911 1523712 [er-23: Building] WARN  nternal.embedder.EclipseLogger  - Using platform encoding (UTF-8 actually) to copy filtered resources, i.e. build is platform dependent!
2020-08-26 22:25:21,352 1806153 [er-26: Building] WARN  nternal.embedder.EclipseLogger  - Using platform encoding (UTF-8 actually) to copy filtered resources, i.e. build is platform dependent!
2020-08-26 22:25:21,366 1806167 [er-26: Building] WARN  nternal.embedder.EclipseLogger  - Using platform encoding (UTF-8 actually) to copy filtered resources, i.e. build is platform dependent!
2020-08-26 22:28:54,018 2018819 [er-31: Building] WARN  nternal.embedder.EclipseLogger  - Using platform encoding (UTF-8 actually) to copy filtered resources, i.e. build is platform dependent!
2020-08-26 22:28:54,021 2018822 [er-31: Building] WARN  nternal.embedder.EclipseLogger  - Using platform encoding (UTF-8 actually) to copy filtered resources, i.e. build is platform dependent!
2020-08-26 22:31:43,915 2188716 [er-34: Building] WARN  nternal.embedder.EclipseLogger  - Using platform encoding (UTF-8 actually) to copy filtered resources, i.e. build is platform dependent!
2020-08-26 22:31:43,917 2188718 [er-34: Building] WARN  nternal.embedder.EclipseLogger  - Using platform encoding (UTF-8 actually) to copy filtered resources, i.e. build is platform dependent!
2020-08-26 22:43:16,420 2881221 [er-40: Building] WARN  nternal.embedder.EclipseLogger  - Using platform encoding (UTF-8 actually) to copy filtered resources, i.e. build is platform dependent!
2020-08-26 22:43:16,425 2881226 [er-40: Building] WARN  nternal.embedder.EclipseLogger  - Using platform encoding (UTF-8 actually) to copy filtered resources, i.e. build is platform dependent!
2020-08-27 13:38:53,906 1059612 [er-20: Building] WARN  nternal.embedder.EclipseLogger  - Using platform encoding (UTF-8 actually) to copy filtered resources, i.e. build is platform dependent!
2020-08-27 13:38:53,952 1059658 [er-20: Building] WARN  nternal.embedder.EclipseLogger  - Using platform encoding (UTF-8 actually) to copy filtered resources, i.e. build is platform dependent!
2020-08-27 13:49:14,029 51635  [er-10: Building] WARN  nternal.embedder.EclipseLogger  - Using platform encoding (UTF-8 actually) to copy filtered resources, i.e. build is platform dependent!
2020-08-27 13:49:14,080 51686  [er-10: Building] WARN  nternal.embedder.EclipseLogger  - Using platform encoding (UTF-8 actually) to copy filtered resources, i.e. build is platform dependent!
2020-08-27 13:57:02,476 520082 [er-10: Building] WARN  nternal.embedder.EclipseLogger  - Using platform encoding (UTF-8 actually) to copy filtered resources, i.e. build is platform dependent!
2020-08-27 13:57:02,492 520098 [er-10: Building] WARN  nternal.embedder.EclipseLogger  - Using platform encoding (UTF-8 actually) to copy filtered resources, i.e. build is platform dependent!
2020-08-27 14:07:47,623 1165229 [er-13: Building] WARN  nternal.embedder.EclipseLogger  - Using platform encoding (UTF-8 actually) to copy filtered resources, i.e. build is platform dependent!
2020-08-27 14:07:47,636 1165242 [er-13: Building] WARN  nternal.embedder.EclipseLogger  - Using platform encoding (UTF-8 actually) to copy filtered resources, i.e. build is platform dependent!
2020-08-27 14:08:17,550 1195156 [er-17: Building] WARN  nternal.embedder.EclipseLogger  - Using platform encoding (UTF-8 actually) to copy filtered resources, i.e. build is platform dependent!
2020-08-27 14:08:17,552 1195158 [er-17: Building] WARN  nternal.embedder.EclipseLogger  - Using platform encoding (UTF-8 actually) to copy filtered resources, i.e. build is platform dependent!
2020-08-27 14:10:54,649 1352255 [er-17: Building] WARN  nternal.embedder.EclipseLogger  - Using platform encoding (UTF-8 actually) to copy filtered resources, i.e. build is platform dependent!
2020-08-27 14:10:54,651 1352257 [er-17: Building] WARN  nternal.embedder.EclipseLogger  - Using platform encoding (UTF-8 actually) to copy filtered resources, i.e. build is platform dependent!
2020-08-27 14:12:53,201 1470807 [er-16: Building] WARN  nternal.embedder.EclipseLogger  - Using platform encoding (UTF-8 actually) to copy filtered resources, i.e. build is platform dependent!
2020-08-27 14:12:53,203 1470809 [er-16: Building] WARN  nternal.embedder.EclipseLogger  - Using platform encoding (UTF-8 actually) to copy filtered resources, i.e. build is platform dependent!
2020-08-27 14:14:22,348 1559954 [er-10: Building] WARN  nternal.embedder.EclipseLogger  - Using platform encoding (UTF-8 actually) to copy filtered resources, i.e. build is platform dependent!
2020-08-27 14:14:22,351 1559957 [er-10: Building] WARN  nternal.embedder.EclipseLogger  - Using platform encoding (UTF-8 actually) to copy filtered resources, i.e. build is platform dependent!
